DeviceAPI/app/build/intermediates/manifest_merge_blame_file/debug/manifest-merger-blame-debug-report.txt
1<?xml version="1.0" encoding="utf-8"?>
2<manifest xmlns:android="http://schemas.android.com/apk/res/android"
3    package="kr.go.egovframework.hyb.deviceinfoapp"
4    android:hardwareAccelerated="true"
5    android:versionCode="10000"
6    android:versionName="1.0.0" >
7
8    <uses-sdk
8-->src\main\AndroidManifest.xml:48:5-74
9        android:minSdkVersion="30"
9-->src\main\AndroidManifest.xml:48:15-41
10        android:targetSdkVersion="30" />
10-->src\main\AndroidManifest.xml:48:42-71
11
12    <supports-screens
12-->src\main\AndroidManifest.xml:3:5-191
13        android:anyDensity="true"
13-->src\main\AndroidManifest.xml:3:23-48
14        android:largeScreens="true"
14-->src\main\AndroidManifest.xml:3:49-76
15        android:normalScreens="true"
15-->src\main\AndroidManifest.xml:3:77-105
16        android:resizeable="true"
16-->src\main\AndroidManifest.xml:3:106-131
17        android:smallScreens="true"
17-->src\main\AndroidManifest.xml:3:132-159
18        android:xlargeScreens="true" />
18-->src\main\AndroidManifest.xml:3:160-188
19
20    <uses-permission android:name="android.permission.INTERNET" />
20-->src\main\AndroidManifest.xml:4:5-67
20-->src\main\AndroidManifest.xml:4:22-64
21    <uses-permission android:name="android.permission.ACCESS_NETWORK_STATE" />
21-->src\main\AndroidManifest.xml:49:5-79
21-->src\main\AndroidManifest.xml:49:22-76
22    <uses-permission android:name="android.permission.ACCESS_COARSE_LOCATION" />
22-->src\main\AndroidManifest.xml:50:5-81
22-->src\main\AndroidManifest.xml:50:22-78
23    <uses-permission android:name="android.permission.ACCESS_FINE_LOCATION" />
23-->src\main\AndroidManifest.xml:51:5-79
23-->src\main\AndroidManifest.xml:51:22-76
24
25    <uses-feature android:name="android.hardware.location.gps" />
25-->src\main\AndroidManifest.xml:52:5-66
25-->src\main\AndroidManifest.xml:52:19-63
26
27    <uses-permission android:name="android.permission.WRITE_EXTERNAL_STORAGE" />
27-->src\main\AndroidManifest.xml:53:5-81
27-->src\main\AndroidManifest.xml:53:22-78
28    <uses-permission android:name="android.permission.RECORD_AUDIO" />
28-->src\main\AndroidManifest.xml:54:5-71
28-->src\main\AndroidManifest.xml:54:22-68
29    <uses-permission android:name="android.permission.RECORD_VIDEO" />
29-->src\main\AndroidManifest.xml:55:5-71
29-->src\main\AndroidManifest.xml:55:22-68
30    <uses-permission android:name="android.permission.READ_EXTERNAL_STORAGE" />
30-->src\main\AndroidManifest.xml:56:5-80
30-->src\main\AndroidManifest.xml:56:22-77
31    <uses-permission android:name="android.permission.MODIFY_AUDIO_SETTINGS" />
31-->src\main\AndroidManifest.xml:57:5-80
31-->src\main\AndroidManifest.xml:57:22-77
32    <uses-permission android:name="android.permission.READ_PHONE_STATE" />
32-->src\main\AndroidManifest.xml:58:5-75
32-->src\main\AndroidManifest.xml:58:22-72
33    <uses-permission android:name="android.permission.VIBRATE" />
33-->src\main\AndroidManifest.xml:59:5-66
33-->src\main\AndroidManifest.xml:59:22-63
34    <uses-permission android:name="android.permission.READ_CONTACTS" />
34-->src\main\AndroidManifest.xml:60:5-72
34-->src\main\AndroidManifest.xml:60:22-69
35    <uses-permission android:name="android.permission.WRITE_CONTACTS" />
35-->src\main\AndroidManifest.xml:61:5-73
35-->src\main\AndroidManifest.xml:61:22-70
36    <uses-permission android:name="android.permission.GET_ACCOUNTS" />
36-->src\main\AndroidManifest.xml:62:5-71
36-->src\main\AndroidManifest.xml:62:22-68
37    <uses-permission android:name="android.permission.WAKE_LOCK" />
37-->src\main\AndroidManifest.xml:63:5-68
37-->src\main\AndroidManifest.xml:63:22-65
38    <uses-permission android:name="com.google.android.c2dm.permission.RECEIVE" />
38-->src\main\AndroidManifest.xml:64:5-82
38-->src\main\AndroidManifest.xml:64:22-79
39
40    <permission
40-->src\main\AndroidManifest.xml:65:5-111
41        android:name="com.example.hello.permission.C2D_MESSAGE"
41-->src\main\AndroidManifest.xml:65:17-72
42        android:protectionLevel="signature" />
42-->src\main\AndroidManifest.xml:65:73-108
43
44    <uses-permission android:name="com.example.hello.permission.C2D_MESSAGE" />
44-->src\main\AndroidManifest.xml:66:5-80
44-->src\main\AndroidManifest.xml:66:22-77
45    <uses-permission android:name="android.permission.CAMERA" />
45-->src\main\AndroidManifest.xml:67:5-65
45-->src\main\AndroidManifest.xml:67:22-62
46    <uses-permission android:name="android.permission.FLASHLIGHT" />
46-->src\main\AndroidManifest.xml:68:5-69
46-->src\main\AndroidManifest.xml:68:22-66
47    <uses-permission android:name="android.permission.WRITE_SETTINGS" />
47-->src\main\AndroidManifest.xml:69:5-73
47-->src\main\AndroidManifest.xml:69:22-70
48
49    <uses-feature
49-->src\main\AndroidManifest.xml:70:5-85
50        android:name="android.hardware.camera"
50-->src\main\AndroidManifest.xml:70:19-57
51        android:required="false" />
51-->src\main\AndroidManifest.xml:70:58-82
52
53    <application
53-->src\main\AndroidManifest.xml:5:5-47:19
54        android:debuggable="true"
55        android:extractNativeLibs="false"
56        android:hardwareAccelerated="true"
56-->src\main\AndroidManifest.xml:5:18-52
57        android:icon="@mipmap/icon"
57-->src\main\AndroidManifest.xml:5:53-80
58        android:label="@string/app_name"
58-->src\main\AndroidManifest.xml:5:81-113
59        android:supportsRtl="true"
59-->src\main\AndroidManifest.xml:5:114-140
60        android:testOnly="true"
61        android:usesCleartextTraffic="true" >
61-->src\main\AndroidManifest.xml:5:141-176
62        <activity
62-->src\main\AndroidManifest.xml:6:9-11:20
63            android:name="kr.go.egovframework.hyb.deviceinfoapp.MainActivity"
63-->src\main\AndroidManifest.xml:6:166-231
64            android:configChanges="orientation|keyboardHidden|keyboard|screenSize|locale"
64-->src\main\AndroidManifest.xml:6:19-96
65            android:label="@string/activity_name"
65-->src\main\AndroidManifest.xml:6:97-134
66            android:launchMode="singleTop"
66-->src\main\AndroidManifest.xml:6:135-165
67            android:theme="@android:style/Theme.DeviceDefault.NoActionBar"
67-->src\main\AndroidManifest.xml:6:232-294
68            android:windowSoftInputMode="adjustResize" >
68-->src\main\AndroidManifest.xml:6:295-337
69            <intent-filter android:label="@string/launcher_name" >
69-->src\main\AndroidManifest.xml:7:13-10:29
69-->src\main\AndroidManifest.xml:7:28-65
70                <action android:name="android.intent.action.MAIN" />
70-->src\main\AndroidManifest.xml:8:17-69
70-->src\main\AndroidManifest.xml:8:25-66
71
72                <category android:name="android.intent.category.LAUNCHER" />
72-->src\main\AndroidManifest.xml:9:17-77
72-->src\main\AndroidManifest.xml:9:27-74
73            </intent-filter>
74        </activity>
75
76        <provider
77            android:name="org.apache.cordova.camera.FileProvider"
77-->src\main\AndroidManifest.xml:12:127-180
78            android:authorities="kr.go.egovframework.hyb.deviceinfoapp.provider"
78-->src\main\AndroidManifest.xml:12:19-66
79            android:exported="false"
79-->src\main\AndroidManifest.xml:12:67-91
80            android:grantUriPermissions="true" >
80-->src\main\AndroidManifest.xml:12:92-126
81            <meta-data
81-->src\main\AndroidManifest.xml:13:13-123
82                android:name="android.support.FILE_PROVIDER_PATHS"
82-->src\main\AndroidManifest.xml:13:24-74
83                android:resource="@xml/camera_provider_paths" />
83-->src\main\AndroidManifest.xml:13:75-120
84        </provider>
85
86        <activity
86-->src\main\AndroidManifest.xml:15:9-95
87            android:name="com.plugin.gcm.PushHandlerActivity"
87-->src\main\AndroidManifest.xml:15:43-92
88            android:exported="true" />
88-->src\main\AndroidManifest.xml:15:19-42
89
90        <receiver
90-->src\main\AndroidManifest.xml:16:9-22:20
91            android:name="com.plugin.gcm.CordovaGCMBroadcastReceiver"
91-->src\main\AndroidManifest.xml:16:19-76
92            android:permission="com.google.android.c2dm.permission.SEND" >
92-->src\main\AndroidManifest.xml:16:77-137
93            <intent-filter>
93-->src\main\AndroidManifest.xml:17:13-21:29
94                <action android:name="com.google.android.c2dm.intent.RECEIVE" />
94-->src\main\AndroidManifest.xml:18:17-81
94-->src\main\AndroidManifest.xml:18:25-78
95                <action android:name="com.google.android.c2dm.intent.REGISTRATION" />
95-->src\main\AndroidManifest.xml:19:17-86
95-->src\main\AndroidManifest.xml:19:25-83
96
97                <category android:name="com.example.hello" />
97-->src\main\AndroidManifest.xml:20:17-62
97-->src\main\AndroidManifest.xml:20:27-59
98            </intent-filter>
99        </receiver>
100
101        <service android:name="com.plugin.gcm.GCMIntentService" />
101-->src\main\AndroidManifest.xml:23:9-67
101-->src\main\AndroidManifest.xml:23:18-64
102
103        <provider
104            android:name="io.github.pwlin.cordova.plugins.fileopener2.FileProvider"
104-->src\main\AndroidManifest.xml:24:134-205
105            android:authorities="kr.go.egovframework.hyb.deviceinfoapp.opener.provider"
105-->src\main\AndroidManifest.xml:24:19-73
106            android:exported="false"
106-->src\main\AndroidManifest.xml:24:74-98
107            android:grantUriPermissions="true" >
107-->src\main\AndroidManifest.xml:24:99-133
108            <meta-data
108-->src\main\AndroidManifest.xml:13:13-123
109                android:name="android.support.FILE_PROVIDER_PATHS"
109-->src\main\AndroidManifest.xml:13:24-74
110                android:resource="@xml/opener_paths" />
110-->src\main\AndroidManifest.xml:13:75-120
111        </provider>
112
113        <activity
113-->src\main\AndroidManifest.xml:27:9-181
114            android:name="com.hutchind.cordova.plugins.streamingmedia.SimpleAudioStream"
114-->src\main\AndroidManifest.xml:27:102-178
115            android:configChanges="orientation|screenSize"
115-->src\main\AndroidManifest.xml:27:19-65
116            android:label="Simple Audio Stream" />
116-->src\main\AndroidManifest.xml:27:66-101
117        <activity
117-->src\main\AndroidManifest.xml:28:9-181
118            android:name="com.hutchind.cordova.plugins.streamingmedia.SimpleVideoStream"
118-->src\main\AndroidManifest.xml:28:102-178
119            android:configChanges="orientation|screenSize"
119-->src\main\AndroidManifest.xml:28:19-65
120            android:label="Simple Video Stream" />
120-->src\main\AndroidManifest.xml:28:66-101
121        <activity
121-->src\main\AndroidManifest.xml:29:9-34:20
122            android:name="com.google.zxing.client.android.CaptureActivity"
122-->src\main\AndroidManifest.xml:29:128-190
123            android:clearTaskOnLaunch="true"
123-->src\main\AndroidManifest.xml:29:19-51
124            android:configChanges="orientation|keyboardHidden"
124-->src\main\AndroidManifest.xml:29:52-102
125            android:exported="false"
125-->src\main\AndroidManifest.xml:29:103-127
126            android:screenOrientation="landscape"
126-->src\main\AndroidManifest.xml:29:191-228
127            android:theme="@android:style/Theme.NoTitleBar.Fullscreen"
127-->src\main\AndroidManifest.xml:29:229-287
128            android:windowSoftInputMode="stateAlwaysHidden" >
128-->src\main\AndroidManifest.xml:29:288-335
129            <intent-filter>
129-->src\main\AndroidManifest.xml:30:13-33:29
130                <action android:name="com.phonegap.plugins.barcodescanner.SCAN" />
130-->src\main\AndroidManifest.xml:31:17-83
130-->src\main\AndroidManifest.xml:31:25-80
131
132                <category android:name="android.intent.category.DEFAULT" />
132-->src\main\AndroidManifest.xml:32:17-76
132-->src\main\AndroidManifest.xml:32:27-73
133            </intent-filter>
134        </activity>
135        <activity
135-->src\main\AndroidManifest.xml:35:9-40:20
136            android:name="com.google.zxing.client.android.encode.EncodeActivity"
136-->src\main\AndroidManifest.xml:35:54-122
137            android:label="@string/share_name" >
137-->src\main\AndroidManifest.xml:35:19-53
138            <intent-filter>
138-->src\main\AndroidManifest.xml:36:13-39:29
139                <action android:name="com.phonegap.plugins.barcodescanner.ENCODE" />
139-->src\main\AndroidManifest.xml:37:17-85
139-->src\main\AndroidManifest.xml:37:25-82
140
141                <category android:name="android.intent.category.DEFAULT" />
141-->src\main\AndroidManifest.xml:32:17-76
141-->src\main\AndroidManifest.xml:32:27-73
142            </intent-filter>
143        </activity>
144        <activity
144-->src\main\AndroidManifest.xml:41:9-46:20
145            android:name="com.google.zxing.client.android.HelpActivity"
145-->src\main\AndroidManifest.xml:41:54-113
146            android:label="@string/share_name" >
146-->src\main\AndroidManifest.xml:41:19-53
147            <intent-filter>
147-->src\main\AndroidManifest.xml:42:13-45:29
148                <action android:name="android.intent.action.VIEW" />
148-->src\main\AndroidManifest.xml:43:17-69
148-->src\main\AndroidManifest.xml:43:25-66
149
150                <category android:name="android.intent.category.DEFAULT" />
150-->src\main\AndroidManifest.xml:32:17-76
150-->src\main\AndroidManifest.xml:32:27-73
151            </intent-filter>
152        </activity>
153    </application>
154
155</manifest>